2019-02-08 02:37:24,475 - INFO - Loading...
2019-02-08 02:40:13,878 - INFO - Loading...
2019-02-08 02:50:09,896 - INFO - Loading...
2019-02-09 21:06:50,266 - INFO - Loading...
2019-02-24 18:17:25,119 - INFO - Loading...
2019-02-24 19:15:05,455 - ERROR - Something went wrong :(
Here's some error info for you:
Occured while executing **uno** \\*(commands.games.uno)*
```py
  File "main.py", line 242, in on_message
    await cmd_func(messagedata)

  File "/home/runner/commands/games.py", line 430, in uno
    await message.channel.send('Uno timed out')

  File "/home/runner/.site-packages/discord/abc.py", line 772, in send
    data = await state.http.send_message(channel.id, content, tts=tts, embed=embed, nonce=nonce)

  File "/home/runner/.site-packages/discord/http.py", line 210, in request
    raise Forbidden(r, data)

Forbidden: FORBIDDEN (status code: 403): Missing Access```
2019-02-24 19:38:06,880 - ERROR - Something went wrong :(
Here's some error info for you:
Occured while executing **eval** \\*(commands.utility.execute)*
```py
  File "main.py", line 242, in on_message
    await cmd_func(messagedata)

  File "/home/runner/commands/utility.py", line 184, in execute
    await message.channel.send(embed=embed)

  File "/home/runner/.site-packages/discord/abc.py", line 772, in send
    data = await state.http.send_message(channel.id, content, tts=tts, embed=embed, nonce=nonce)

  File "/home/runner/.site-packages/discord/http.py", line 210, in request
    raise Forbidden(r, data)

Forbidden: FORBIDDEN (status code: 403): Missing Permissions```
2019-02-24 19:38:09,922 - ERROR - Something went wrong :(
Here's some error info for you:
Occured while executing **eval** \\*(commands.utility.execute)*
```py
  File "main.py", line 242, in on_message
    await cmd_func(messagedata)

  File "/home/runner/commands/utility.py", line 184, in execute
    await message.channel.send(embed=embed)

  File "/home/runner/.site-packages/discord/abc.py", line 772, in send
    data = await state.http.send_message(channel.id, content, tts=tts, embed=embed, nonce=nonce)

  File "/home/runner/.site-packages/discord/http.py", line 210, in request
    raise Forbidden(r, data)

Forbidden: FORBIDDEN (status code: 403): Missing Permissions```
2019-02-24 21:39:20,328 - INFO - Loading...
2019-02-24 21:39:41,451 - INFO - Loading...
2019-02-24 21:39:44,446 - INFO - Loading...
2019-02-24 21:39:47,424 - INFO - Loading...
2019-03-13 16:02:56,421 - INFO - Loading...
2019-03-13 18:15:49,313 - ERROR - Something went wrong :(
Here's some error info for you:
Occured while executing **kick** \\*(commands.moderation.kick)*
```py
  File "main.py", line 249, in on_message
    await cmd_func(messagedata)

  File "/home/runner/commands/moderation.py", line 64, in kick
    member = getMember(args[0], message.guild, client)

  File "/home/runner/commands/moderation.py", line 32, in getMember
    userid = int(username)

ValueError: invalid literal for int() with base 10: '\u200b164898270668128258'```
2019-03-13 20:06:08,299 - ERROR - Something went wrong :(
Here's some error info for you:
Occured while executing **kick** \\*(commands.moderation.kick)*
```py
  File "main.py", line 249, in on_message
    await cmd_func(messagedata)

  File "/home/runner/commands/moderation.py", line 64, in kick
    member = getMember(args[0], message.guild, client)

  File "/home/runner/commands/moderation.py", line 32, in getMember
    userid = int(username)

ValueError: invalid literal for int() with base 10: '\u200b386333909362933772'```
2019-03-13 20:09:06,688 - ERROR - Something went wrong :(
Here's some error info for you:
Occured while executing **hangman** \\*(commands.games.hangman)*
```py
  File "main.py", line 249, in on_message
    await cmd_func(messagedata)

  File "/home/runner/commands/games.py", line 555, in hangman
    await message.channel.send('Hangman timed out')

  File "/home/runner/.site-packages/discord/abc.py", line 772, in send
    data = await state.http.send_message(channel.id, content, tts=tts, embed=embed, nonce=nonce)

  File "/home/runner/.site-packages/discord/http.py", line 210, in request
    raise Forbidden(r, data)

Forbidden: FORBIDDEN (status code: 403): Missing Access```
2019-03-13 23:52:06,078 - ERROR - Something went wrong :(
Here's some error info for you:
Occured while executing **kick** \\*(commands.moderation.kick)*
```py
  File "main.py", line 249, in on_message
    await cmd_func(messagedata)

  File "/home/runner/commands/moderation.py", line 64, in kick
    member = getMember(args[0], message.guild, client)

IndexError: list index out of range```
2019-03-14 01:28:34,636 - INFO - Loading...
2019-03-26 23:06:31,641 - INFO - Loading...
2019-03-27 03:02:00,021 - ERROR - Something went wrong :(
Here's some error info for you:
Occured while executing **trigger** \\*(commands.image.triggered)*
```py
  File "main.py", line 249, in on_message
    await cmd_func(messagedata)

  File "/home/runner/commands/image.py", line 205, in triggered
    img_file = discord.File(fp=img, filename=filename)

  File "/home/runner/.local/lib/python3.6/site-packages/discord/file.py", line 68, in __init__
    self.fp = open(fp, 'rb')

ValueError: embedded null byte```
2019-03-27 03:02:08,249 - ERROR - Something went wrong :(
Here's some error info for you:
Occured while executing **trigger** \\*(commands.image.triggered)*
```py
  File "main.py", line 249, in on_message
    await cmd_func(messagedata)

  File "/home/runner/commands/image.py", line 205, in triggered
    img_file = discord.File(fp=img, filename=filename)

  File "/home/runner/.local/lib/python3.6/site-packages/discord/file.py", line 68, in __init__
    self.fp = open(fp, 'rb')

ValueError: embedded null byte```
2019-03-27 03:03:49,145 - ERROR - Something went wrong :(
Here's some error info for you:
Occured while executing **impersonate** \\*(commands.image.impersonate)*
```py
  File "main.py", line 249, in on_message
    await cmd_func(messagedata)

  File "/home/runner/commands/image.py", line 257, in impersonate
    img_file = discord.File(fp=img, filename=filename)

  File "/home/runner/.local/lib/python3.6/site-packages/discord/file.py", line 68, in __init__
    self.fp = open(fp, 'rb')

ValueError: embedded null byte```
2020-01-25 07:43:31,864 - INFO - Loading...
2020-01-25 23:59:04,631 - INFO - Loading...
2020-01-26 01:23:25,498 - INFO - Loading...
2020-01-26 03:23:56,135 - INFO - Loading...
2020-01-26 21:08:47,206 - INFO - Loading...
2020-01-28 14:27:02,397 - INFO - Loading...
2020-01-28 22:37:11,900 - INFO - Loading...
2020-01-29 21:48:52,972 - INFO - Loading...
2020-01-30 01:33:49,164 - INFO - Loading...
2020-01-30 04:14:48,873 - INFO - Loading...
2020-01-31 11:53:41,278 - INFO - Loading...
2020-01-31 17:38:59,129 - INFO - Loading...
2020-02-01 04:10:12,772 - INFO - Loading...
2020-02-01 12:44:55,661 - INFO - Loading...
2020-02-02 08:54:52,859 - INFO - Loading...
2020-02-02 12:24:53,851 - INFO - Loading...
2020-02-02 18:29:47,612 - INFO - Loading...
2020-02-03 00:04:56,813 - INFO - Loading...
2020-02-03 00:37:08,902 - INFO - 4bit has been temporarily disabled for maintenance.
2020-02-03 00:37:20,576 - INFO - Loading...
2020-02-03 12:49:50,408 - INFO - Loading...
2020-02-03 21:37:52,774 - INFO - Loading...
2020-02-04 01:44:20,281 - INFO - Loading...
2020-02-04 04:01:43,060 - INFO - Loading...
2020-02-04 07:06:52,527 - INFO - Loading...
2020-02-04 21:36:49,994 - INFO - Loading...
2020-02-05 10:05:48,574 - INFO - Loading...
2020-02-05 13:13:17,503 - INFO - Loading...
2020-02-06 01:38:05,099 - INFO - Loading...
2020-02-06 13:28:15,875 - INFO - Loading...
2020-02-06 22:08:24,596 - INFO - Loading...
2020-02-07 08:37:33,471 - INFO - Loading...
2020-02-07 22:28:36,781 - INFO - Loading...
2020-02-08 03:33:56,968 - INFO - Loading...
2020-02-08 11:45:21,858 - INFO - Loading...
2020-02-08 13:21:16,874 - INFO - Loading...
2020-02-08 17:40:27,675 - INFO - Loading...
2020-02-10 06:32:04,233 - INFO - Loading...
2020-02-11 04:46:36,819 - INFO - Loading...
2020-02-11 21:09:21,786 - INFO - Loading...
2020-02-12 19:41:15,073 - INFO - Loading...
2020-02-14 02:23:25,042 - INFO - Loading...
2020-02-14 22:00:34,705 - INFO - Loading...
2020-02-15 16:00:34,996 - INFO - Loading...
2020-02-15 17:00:43,007 - INFO - Loading...
2020-02-15 22:11:03,414 - INFO - Loading...
2020-02-16 00:10:40,308 - INFO - Loading...
2020-02-16 15:23:44,494 - INFO - Loading...
2020-02-17 15:34:44,557 - INFO - Loading...
2020-02-17 23:44:47,606 - INFO - Loading...
2020-02-18 18:35:35,599 - INFO - Loading...
2020-02-18 19:25:11,991 - INFO - Loading...
2020-02-19 07:27:37,908 - INFO - Loading...
2020-02-19 23:19:14,064 - INFO - Loading...
2020-02-20 12:53:55,842 - INFO - Loading...
2020-02-21 12:49:22,014 - INFO - Loading...
2020-02-21 14:28:58,367 - INFO - Loading...
2020-02-21 22:54:35,688 - INFO - Loading...
2020-02-22 12:29:28,562 - INFO - Loading...
2020-02-22 16:55:33,271 - INFO - Loading...
2020-02-22 18:07:46,239 - INFO - Loading...
2020-02-23 15:27:33,149 - INFO - Loading...
2020-02-24 12:13:34,248 - INFO - Loading...
2020-02-25 02:25:04,177 - INFO - Loading...
2020-02-25 03:05:36,540 - INFO - Loading...
2020-02-26 04:20:33,152 - INFO - Loading...
2020-02-26 12:45:54,530 - INFO - Loading...
2020-02-27 11:36:31,561 - INFO - Loading...
2020-02-28 02:01:41,801 - INFO - Loading...
2020-02-29 00:47:22,544 - INFO - Loading...
2020-02-29 14:36:48,617 - INFO - Loading...
2020-02-29 15:16:40,904 - INFO - Loading...
2020-02-29 19:11:53,101 - INFO - Loading...
2020-03-01 03:29:53,851 - INFO - Loading...
2020-03-01 15:59:28,810 - INFO - Loading...
2020-03-02 01:02:58,065 - INFO - Loading...
2020-03-02 05:03:55,863 - INFO - Loading...
2020-03-02 10:53:07,887 - INFO - Loading...
2020-03-03 06:36:29,282 - INFO - Loading...
2020-03-03 12:46:34,056 - INFO - Loading...
2020-03-03 13:11:41,267 - INFO - Loading...
2020-03-03 13:51:24,973 - INFO - Loading...
2020-03-03 15:41:03,183 - INFO - Loading...
2020-03-04 03:17:53,938 - INFO - Loading...
2020-03-04 18:20:40,076 - INFO - Loading...
2020-03-05 17:01:05,383 - INFO - Loading...
2020-03-06 05:24:03,417 - INFO - Loading...
2020-03-06 12:23:57,434 - INFO - Loading...
2020-03-07 12:31:27,446 - INFO - Loading...
2020-03-07 13:08:03,960 - INFO - Loading...
2020-03-08 03:23:26,096 - INFO - Loading...
2020-03-08 09:28:55,752 - INFO - Loading...
2020-03-08 14:56:03,303 - INFO - Loading...
2020-03-08 19:22:39,977 - INFO - Loading...
2020-03-09 16:49:35,936 - INFO - Loading...
2020-03-10 07:18:18,478 - INFO - Loading...
2020-03-10 10:32:05,388 - INFO - Loading...
2020-03-10 14:16:14,432 - INFO - Loading...
2020-03-10 17:22:17,393 - INFO - Loading...
2020-03-10 18:42:49,903 - INFO - Loading...
2020-03-10 21:52:31,457 - INFO - Loading...
2020-03-10 23:57:37,005 - INFO - Loading...
2020-03-11 02:57:30,413 - INFO - Loading...
2020-03-11 19:08:01,756 - INFO - Loading...
2020-03-12 01:53:05,196 - INFO - Loading...
2020-03-12 15:25:04,579 - INFO - Loading...
2020-03-12 19:00:21,204 - INFO - Loading...
2020-03-13 12:30:13,035 - INFO - Loading...
2020-03-13 13:56:01,827 - INFO - Loading...
2020-03-13 18:36:10,282 - INFO - Loading...
2020-03-13 19:05:07,132 - INFO - Loading...
2020-03-13 23:49:45,321 - INFO - Loading...
2020-03-14 05:19:49,763 - INFO - Loading...
2020-03-14 10:31:49,766 - INFO - Loading...
2020-03-14 16:31:53,478 - INFO - Loading...
2020-03-15 12:14:43,294 - INFO - Loading...
2020-03-16 08:04:15,486 - INFO - Loading...
2020-03-16 18:55:55,255 - INFO - Loading...
2020-03-17 15:52:55,988 - INFO - Loading...
2020-03-17 17:27:25,433 - INFO - Loading...
2020-03-18 11:30:32,027 - INFO - Loading...
2020-03-18 17:25:40,683 - INFO - Loading...
2020-03-19 21:26:31,883 - INFO - Loading...
2020-03-19 21:56:41,319 - INFO - Loading...
2020-03-20 04:11:17,306 - INFO - Loading...
2020-03-20 16:35:50,969 - INFO - Loading...
2020-03-20 16:40:58,292 - INFO - Loading...
2020-03-21 11:10:19,614 - INFO - Loading...
2020-03-21 16:30:08,590 - INFO - Loading...
2020-03-22 15:13:07,167 - INFO - Loading...
2020-03-22 21:58:12,947 - INFO - 4bit has been temporarily disabled for maintenance.
2020-03-22 21:58:36,677 - INFO - Loading...
